2025-01-01 00:00:01 INFO AuthService User session validated
2025-01-01 00:00:03 INFO UserProfileService Profile loaded
2025-01-01 00:00:05 INFO SearchService Search index accessed
2025-01-01 00:00:07 WARNING DBService Slow query detected
2025-01-01 00:00:10 INFO OrderService Order request received
2025-01-01 00:00:12 INFO OrderService Order persisted
2025-01-01 00:00:15 INFO PaymentService Payment initiated
2025-01-01 00:00:18 INFO PaymentService Payment successful
2025-01-01 00:00:21 INFO NotificationService Notification queued
2025-01-01 00:00:25 INFO NotificationService Notification sent
2025-01-01 00:01:01 INFO AuthService User login success
2025-01-01 00:01:04 INFO SearchService Cache hit
2025-01-01 00:01:07 INFO SearchService Results returned
2025-01-01 00:01:10 WARNING UserProfileService High memory usage
2025-01-01 00:01:15 INFO DBService Connection acquired
2025-01-01 00:01:18 INFO DBService Connection released
2025-01-01 00:02:01 INFO AuthService Token refreshed
2025-01-01 00:02:05 INFO OrderService Order request received
2025-01-01 00:02:07 INFO OrderService Inventory reserved
2025-01-01 00:02:10 ERROR PaymentService Connection timeout
2025-01-01 00:02:12 ERROR PaymentService Payment failed
2025-01-01 00:02:15 WARNING PaymentService Retrying failed request
2025-01-01 00:02:20 INFO PaymentService Payment successful
2025-01-01 00:03:01 INFO AuthService User logout
2025-01-01 00:03:05 INFO NotificationService Notification queued
2025-01-01 00:03:07 INFO NotificationService Notification sent
2025-01-01 00:04:01 INFO SearchService Search request received
2025-01-01 00:04:04 INFO SearchService Cache miss
2025-01-01 00:04:06 INFO SearchService Search index accessed
2025-01-01 00:04:09 INFO SearchService Results returned
2025-01-01 00:05:01 INFO AuthService User login success
2025-01-01 00:05:04 INFO UserProfileService Profile updated
2025-01-01 00:05:07 WARNING DBService Slow query detected
2025-01-01 00:05:10 INFO DBService Query executed
2025-01-01 01:00:01 INFO AuthService User session validated
2025-01-01 01:00:05 INFO OrderService Order request received
2025-01-01 01:00:08 INFO OrderService Order persisted
2025-01-01 01:00:11 INFO PaymentService Payment initiated
2025-01-01 01:00:14 INFO PaymentService Payment successful
2025-01-01 01:00:18 INFO NotificationService Notification sent
2025-01-01 02:10:01 INFO SearchService Search request received
2025-01-01 02:10:05 INFO SearchService Results returned
2025-01-01 02:10:08 WARNING UserProfileService High memory usage
2025-01-01 03:20:01 INFO AuthService User login success
2025-01-01 03:20:05 INFO UserProfileService Profile loaded
2025-01-01 03:20:08 INFO SearchService Cache hit
2025-01-01 04:30:01 INFO OrderService Order request received
2025-01-01 04:30:04 INFO OrderService Inventory reserved
2025-01-01 04:30:07 INFO PaymentService Payment initiated
2025-01-01 04:30:10 INFO PaymentService Payment successful
2025-01-01 04:30:14 INFO NotificationService Notification sent
2025-01-01 06:00:01 INFO AuthService User login success
2025-01-01 06:00:04 INFO SearchService Search index accessed
2025-01-01 06:00:07 INFO SearchService Results returned
2025-01-01 08:15:01 INFO UserProfileService Profile updated
2025-01-01 08:15:05 WARNING DBService Slow query detected
2025-01-01 08:15:08 INFO DBService Query executed
2025-01-01 10:00:01 INFO AuthService User login success
2025-01-01 10:00:04 INFO OrderService Order request received
2025-01-01 10:00:07 INFO OrderService Order persisted
2025-01-01 10:00:10 INFO PaymentService Payment initiated
2025-01-01 10:00:14 INFO PaymentService Payment successful
2025-01-01 10:00:18 INFO NotificationService Notification sent
2025-01-01 12:30:01 INFO SearchService Search request received
2025-01-01 12:30:05 INFO SearchService Cache miss
2025-01-01 12:30:08 INFO SearchService Results returned
2025-01-01 14:45:01 INFO AuthService Token refreshed
2025-01-01 14:45:05 INFO UserProfileService Profile loaded
2025-01-01 16:00:01 INFO OrderService Order request received
2025-01-01 16:00:05 WARNING PaymentService External API latency high
2025-01-01 16:00:08 INFO PaymentService Payment initiated
2025-01-01 16:00:12 INFO PaymentService Payment successful
2025-01-01 18:20:01 INFO AuthService User login success
2025-01-01 18:20:05 INFO SearchService Cache hit
2025-01-01 18:20:08 INFO SearchService Results returned
2025-01-01 20:00:01 INFO OrderService Order request received
2025-01-01 20:00:05 INFO OrderService Inventory reserved
2025-01-01 20:00:08 INFO PaymentService Payment initiated
2025-01-01 20:00:12 INFO PaymentService Payment successful
2025-01-01 20:00:15 INFO NotificationService Notification sent
2025-01-01 22:00:01 ERROR AuthService Authentication failed
2025-01-01 22:00:03 ERROR AuthService Authentication failed
2025-01-01 22:00:05 ERROR AuthService Authentication failed
2025-01-01 22:00:08 ERROR DBService Database connection refused
2025-01-01 22:00:12 ERROR DBService Database connection refused
2025-01-01 22:00:15 WARNING DBService Retrying failed request
2025-01-01 22:00:20 ERROR PaymentService Connection timeout
2025-01-01 22:00:25 ERROR PaymentService Connection timeout
2025-01-01 22:00:30 ERROR PaymentService Connection timeout
2025-01-01 22:00:35 WARNING PaymentService Retrying failed request
2025-01-01 22:01:01 ERROR OrderService Unhandled exception occurred
2025-01-01 22:01:05 ERROR OrderService Unhandled exception occurred
2025-01-01 22:01:10 ERROR OrderService Unhandled exception occurred
2025-01-01 22:01:15 WARNING OrderService Retrying failed request
2025-01-01 22:02:01 ERROR NotificationService Connection timeout
2025-01-01 22:02:05 ERROR NotificationService Connection timeout
2025-01-01 22:02:10 WARNING NotificationService Retrying failed request
2025-01-01 22:10:01 ERROR AuthService Token expired
2025-01-01 22:10:05 ERROR AuthService Token expired
2025-01-01 22:10:10 ERROR AuthService Token expired
2025-01-01 22:30:01 ERROR DBService Null pointer exception
2025-01-01 22:30:05 ERROR DBService Null pointer exception
2025-01-01 22:30:10 WARNING DBService Retrying failed request
2025-01-01 23:00:01 ERROR PaymentService Database connection refused
2025-01-01 23:00:05 ERROR PaymentService Database connection refused
2025-01-01 23:00:10 ERROR PaymentService Database connection refused
2025-01-01 23:00:15 WARNING PaymentService Retrying failed request
2025-01-01 23:30:01 ERROR SearchService Search index unavailable
2025-01-01 23:30:05 ERROR SearchService Search index unavailable
2025-01-01 23:30:10 WARNING SearchService Retrying failed request
2025-01-01 23:59:01 INFO AuthService System heartbeat OK
2025-01-01 23:59:05 INFO DBService Connection restored
2025-01-01 23:59:10 INFO PaymentService Service healthy
2025-01-01 23:59:15 INFO OrderService Service healthy
2025-01-01 23:59:20 INFO NotificationService Service healthy
